#
# There is insufficient memory for the Java Runtime Environment to continue.
# Native memory allocation (malloc) failed to allocate 1048576 bytes for AllocateHeap
# Possible reasons:
#   The system is out of physical RAM or swap space
#   The process is running with CompressedOops enabled, and the Java Heap may be blocking the growth of the native heap
# Possible solutions:
#   Reduce memory load on the system
#   Increase physical memory or swap space
#   Check if swap backing store is full
#   Decrease Java heap size (-Xmx/-Xms)
#   Decrease number of Java threads
#   Decrease Java thread stack sizes (-Xss)
#   Set larger code cache with -XX:ReservedCodeCacheSize=
#   JVM is running with Unscaled Compressed Oops mode in which the Java heap is
#     placed in the first 4GB address space. The Java Heap base address is the
#     maximum limit for the native heap growth. Please use -XX:HeapBaseMinAddress
#     to set the Java Heap base and to place the Java Heap above 4GB virtual address.
# This output file may be truncated or incomplete.
#
#  Out of Memory Error (memory/allocation.inline.hpp:61), pid=14316, tid=0x0000000000002848
#
# JRE version:  (8.0_202-b08) (build )
# Java VM: Java HotSpot(TM) 64-Bit Server VM (25.202-b08 mixed mode windows-amd64 compressed oops)
# Failed to write core dump. Minidumps are not enabled by default on client versions of Windows
#

---------------  T H R E A D  ---------------

Current thread (0x0000000002bbe000):  JavaThread "Unknown thread" [_thread_in_vm, id=10312, stack(0x0000000002a80000,0x0000000002b80000)]

Stack: [0x0000000002a80000,0x0000000002b80000]
[error occurred during error reporting (printing stack bounds), id 0xc0000005]

Native frames: (J=compiled Java code, j=interpreted, Vv=VM code, C=native code)


---------------  P R O C E S S  ---------------

Java Threads: ( => current thread )

Other Threads:

=>0x0000000002bbe000 (exited) JavaThread "Unknown thread" [_thread_in_vm, id=10312, stack(0x0000000002a80000,0x0000000002b80000)]

VM state:not at safepoint (normal execution)

VM Mutex/Monitor currently owned by a thread: None

heap address: 0x00000000c3c00000, size: 964 MB, Compressed Oops mode: 32-bit
Narrow klass base: 0x0000000000000000, Narrow klass shift: 3
Compressed class space size: 1073741824 Address: 0x0000000100000000

Heap:
 PSYoungGen      total 18432K, used 317K [0x00000000ebf00000, 0x00000000ed380000, 0x0000000100000000)
  eden space 15872K, 2% used [0x00000000ebf00000,0x00000000ebf4f5d0,0x00000000ece80000)
  from space 2560K, 0% used [0x00000000ed100000,0x00000000ed100000,0x00000000ed380000)
  to   space 2560K, 0% used [0x00000000ece80000,0x00000000ece80000,0x00000000ed100000)
 ParOldGen       total 42496K, used 0K [0x00000000c3c00000, 0x00000000c6580000, 0x00000000ebf00000)
  object space 42496K, 0% used [0x00000000c3c00000,0x00000000c3c00000,0x00000000c6580000)
 Metaspace       used 775K, capacity 4480K, committed 4480K, reserved 1056768K
  class space    used 76K, capacity 384K, committed 384K, reserved 1048576K

Card table byte_map: [0x0000000012080000,0x0000000012270000] byte_map_base: 0x0000000011a62000

Marking Bits: (ParMarkBitMap*) 0x00000000681c5ce0
 Begin Bits: [0x00000000127c0000, 0x00000000136d0000)
 End Bits:   [0x00000000136d0000, 0x00000000145e0000)

Polling page: 0x0000000001100000

CodeCache: size=245760Kb used=328Kb max_used=328Kb free=245431Kb
 bounds [0x0000000002cc0000, 0x0000000002f30000, 0x0000000011cc0000]
 total_blobs=58 nmethods=0 adapters=38
 compilation: enabled

Compilation events (0 events):
No events

GC Heap History (0 events):
No events

Deoptimization events (0 events):
No events

Classes redefined (0 events):
No events

Internal exceptions (0 events):
No events

Events (10 events):
Event: 0.106 loading class java/lang/Short
Event: 0.106 loading class java/lang/Short done
Event: 0.106 loading class java/lang/Integer
Event: 0.106 loading class java/lang/Integer done
Event: 0.106 loading class java/lang/Long
Event: 0.107 loading class java/lang/Long done
Event: 0.109 loading class java/lang/NullPointerException
Event: 0.109 loading class java/lang/NullPointerException done
Event: 0.109 loading class java/lang/ArithmeticException
Event: 0.109 loading class java/lang/ArithmeticException done


Dynamic libraries:
0x00007ff75af60000 - 0x00007ff75af97000 	C:\Program Files\Java\jdk1.8.0_202\bin\java.exe
0x00007ffd8d7f0000 - 0x00007ffd8d9e8000 	C:\Windows\SYSTEM32\ntdll.dll
0x00007ffd8c580000 - 0x00007ffd8c63f000 	C:\Windows\System32\KERNEL32.DLL
0x00007ffd8af90000 - 0x00007ffd8b262000 	C:\Windows\System32\KERNELBASE.dll
0x00007ffd8cd60000 - 0x00007ffd8ce0e000 	C:\Windows\System32\ADVAPI32.dll
0x00007ffd8d430000 - 0x00007ffd8d4ce000 	C:\Windows\System32\msvcrt.dll
0x00007ffd8cbd0000 - 0x00007ffd8cc6c000 	C:\Windows\System32\sechost.dll
0x00007ffd8c860000 - 0x00007ffd8c985000 	C:\Windows\System32\RPCRT4.dll
0x00007ffd8ca20000 - 0x00007ffd8cbc1000 	C:\Windows\System32\USER32.dll
0x00007ffd8b3a0000 - 0x00007ffd8b3c2000 	C:\Windows\System32\win32u.dll
0x00007ffd8c6a0000 - 0x00007ffd8c6cb000 	C:\Windows\System32\GDI32.dll
0x00007ffd8b550000 - 0x00007ffd8b65f000 	C:\Windows\System32\gdi32full.dll
0x00007ffd8b4b0000 - 0x00007ffd8b54d000 	C:\Windows\System32\msvcp_win.dll
0x00007ffd8b270000 - 0x00007ffd8b370000 	C:\Windows\System32\ucrtbase.dll
0x00007ffd78670000 - 0x00007ffd7890a000 	C:\Windows\WinSxS\amd64_microsoft.windows.common-controls_6595b64144ccf1df_6.0.19041.1110_none_60b5254171f9507e\COMCTL32.dll
0x00007ffd8bf80000 - 0x00007ffd8bfb2000 	C:\Windows\System32\IMM32.DLL
0x0000000068250000 - 0x0000000068322000 	C:\Program Files\Java\jdk1.8.0_202\jre\bin\msvcr100.dll
0x00000000679a0000 - 0x0000000068245000 	C:\Program Files\Java\jdk1.8.0_202\jre\bin\server\jvm.dll
0x00007ffd8d7a0000 - 0x00007ffd8d7a8000 	C:\Windows\System32\PSAPI.DLL
0x00007ffd74be0000 - 0x00007ffd74be9000 	C:\Windows\SYSTEM32\WSOCK32.dll
0x00007ffd8cc70000 - 0x00007ffd8ccdb000 	C:\Windows\System32\WS2_32.dll
0x00007ffd74b90000 - 0x00007ffd74bb7000 	C:\Windows\SYSTEM32\WINMM.dll
0x00007ffd82980000 - 0x00007ffd8298a000 	C:\Windows\SYSTEM32\VERSION.dll
0x00007ffd86060000 - 0x00007ffd8606f000 	C:\Program Files\Java\jdk1.8.0_202\jre\bin\verify.dll
0x00007ffd7bc40000 - 0x00007ffd7bc69000 	C:\Program Files\Java\jdk1.8.0_202\jre\bin\java.dll
0x00007ffd7bc80000 - 0x00007ffd7bc96000 	C:\Program Files\Java\jdk1.8.0_202\jre\bin\zip.dll

VM Arguments:
jvm_args: -Dmaven.multiModuleProjectDirectory=C:\projetos\ws.micro-servicos\hr-payroll 
java_command: org.apache.maven.wrapper.MavenWrapperMain clean package
java_class_path (initial): C:\projetos\ws.micro-servicos\hr-payroll\.mvn\wrapper\maven-wrapper.jar
Launcher Type: SUN_STANDARD

Environment Variables:
JAVA_HOME=C:\Program Files\Java\jdk1.8.0_202
PATH=C:\Program Files (x86)\Common Files\Oracle\Java\javapath;C:\Windows\system32;C:\Windows;C:\Windows\System32\Wbem;C:\Windows\System32\WindowsPowerShell\v1.0\;C:\Windows\System32\OpenSSH\;C:\Program Files\Git\cmd;C:\DEV\apache-maven-3.8.3\bin;C:\Program Files\Java\jdk1.8.0_202\bin;C:\Program Files\nodejs\;C:\Program Files\Docker\Docker\resources\bin;C:\Users\DELL\AppData\Local\Microsoft\WindowsApps;C:\apache-maven-3.8.3-bin;C:\Users\DELL\AppData\Roaming\npm;C:\Users\DELL\AppData\Local\Programs\Microsoft VS Code\bin;C:\Program Files\heroku\bin
USERNAME=DELL
OS=Windows_NT
PROCESSOR_IDENTIFIER=Intel64 Family 6 Model 142 Stepping 9, GenuineIntel



---------------  S Y S T E M  ---------------

OS: Windows 10.0 , 64 bit Build 19041 (10.0.19041.2364)

CPU:total 4 (initial active 4) (2 cores per cpu, 2 threads per core) family 6 model 142 stepping 9, cmov, cx8, fxsr, mmx, sse, sse2, sse3, ssse3, sse4.1, sse4.2, popcnt, avx, avx2, aes, clmul, erms, 3dnowpref, lzcnt, ht, tsc, tscinvbit, bmi1, bmi2, adx

Memory: 4k page, physical 3944020k(162148k free), swap 16002644k(8364k free)

vm_info: Java HotSpot(TM) 64-Bit Server VM (25.202-b08) for windows-amd64 JRE (1.8.0_202-b08), built on Dec 15 2018 19:54:30 by "java_re" with MS VC++ 10.0 (VS2010)

time: Mon Jan 02 13:26:31 2023
timezone: Hora oficial do Brasil
elapsed time: 0 seconds (0d 0h 0m 0s)

